<?xml version="1.0" encoding="UTF-8"?>
<!-- Generated by org.testng.reporters.JUnitReportReporter -->
<testsuite hostname="DESKTOP-2Q79CUE" failures="0" tests="3" name="testNG.RefiffLoginTest" time="11.220" errors="0" timestamp="2021-10-10T11:59:32 IST" skipped="0">
  <testcase classname="testNG.RefiffLoginTest" name="tc01ValidLogin" time="7.503"/>
  <system-out/>
  <testcase classname="testNG.RefiffLoginTest" name="tc02InValid" time="1.099"/>
  <system-out/>
  <testcase classname="testNG.RefiffLoginTest" name="tc03Register" time="2.618"/>
  <system-out/>
</testsuite> <!-- testNG.RefiffLoginTest -->
