<?xml version="1.0" encoding="UTF-8"?>
<!-- Generated by org.testng.reporters.JUnitReportReporter -->
<testsuite hostname="DESKTOP-2Q79CUE" failures="0" tests="7" name="Excel.EchoTest" time="9.954" errors="0" timestamp="2021-10-08T20:36:05 IST" skipped="0">
  <testcase classname="Excel.EchoTest" name="loginDDT" time="1.602"/>
  <system-out/>
  <testcase classname="Excel.EchoTest" name="loginDDT" time="1.337"/>
  <system-out/>
  <testcase classname="Excel.EchoTest" name="loginDDT" time="1.355"/>
  <system-out/>
  <testcase classname="Excel.EchoTest" name="loginDDT" time="1.393"/>
  <system-out/>
  <testcase classname="Excel.EchoTest" name="loginDDT" time="1.354"/>
  <system-out/>
  <testcase classname="Excel.EchoTest" name="loginDDT" time="1.454"/>
  <system-out/>
  <testcase classname="Excel.EchoTest" name="loginDDT" time="1.459"/>
  <system-out/>
</testsuite> <!-- Excel.EchoTest -->
